<?xml version="1.0" encoding="UTF-8"?>
<testng-results ignored="0" total="1" passed="1" failed="0" skipped="0">
  <reporter-output>
  </reporter-output>
  <suite started-at="2019-12-28T14:07:28 IST" name="Default suite" finished-at="2019-12-28T14:07:50 IST" duration-ms="22238">
    <groups>
    </groups>
    <test started-at="2019-12-28T14:07:28 IST" name="Default test" finished-at="2019-12-28T14:07:50 IST" duration-ms="22238">
      <class name="PageObjectModel.Gmail">
        <test-method signature="GmailSentPage()[pri:0, instance:PageObjectModel.Gmail@2893de87]" started-at="2019-12-28T14:07:28 IST" name="GmailSentPage" finished-at="2019-12-28T14:07:50 IST" duration-ms="22211" status="PASS">
          <reporter-output>
          </reporter-output>
        </test-method> <!-- GmailSentPage -->
      </class> <!-- PageObjectModel.Gmail -->
    </test> <!-- Default test -->
  </suite> <!-- Default suite -->
</testng-results>
